<?xml version="1.0" encoding="UTF-8"?>
<!-- Generated by org.testng.reporters.JUnitReportReporter -->
<testsuite skipped="0" hostname="DEVMODE-PC" name="com.Test" tests="1" failures="0" timestamp="12 Oct 2020 09:25:30 GMT" time="0.016" errors="0">
  <testcase name="testcaseOne" time="0.016" classname="com.Test"/>
</testsuite> <!-- com.Test -->
